#
# A fatal error has been detected by the Java Runtime Environment:
#
#  EXCEPTION_ACCESS_VIOLATION (0xc0000005) at pc=0x00007ffcf1bfc4be, pid=9720, tid=0x00000000000022a8
#
# JRE version: OpenJDK Runtime Environment (8.0_212-b04) (build 1.8.0_212-b04)
# Java VM: OpenJDK 64-Bit Server VM (25.212-b04 mixed mode windows-amd64 compressed oops)
# Problematic frame:
# C  [native-platform-file-events.dll+0x1c4be]
#
# Failed to write core dump. Minidumps are not enabled by default on client versions of Windows
#
# If you would like to submit a bug report, please visit:
#   
# The crash happened outside the Java Virtual Machine in native code.
# See problematic frame for where to report the bug.
#

---------------  T H R E A D  ---------------

Current thread (0x0000023acb34b000):  JavaThread "File watcher server" daemon [_thread_in_native, id=8872, stack(0x0000003c7fd00000,0x0000003c7fe00000)]

siginfo: ExceptionCode=0xc0000005, reading address 0xffffffffffffffff

Registers:
RAX=0x655224657079546e, RBX=0x0000000000000001, RCX=0x655224657079546e, RDX=0x0000003c7fdfe8f8
RSP=0x0000003c7fdfe8a0, RBP=0x0000003c7fdff298, RSI=0x0000000000000000, RDI=0x00000000ffffffff
R8 =0x0000003c7fdfe900, R9 =0x000000007ffe4000, R10=0x0000000000000001, R11=0xfffffffff9f4b780
R12=0x0000000000000000, R13=0x0000023ad1d18250, R14=0x0000003c7fdff2c0, R15=0x0000023acb34b000
RIP=0x00007ffcf1bfc4be, EFLAGS=0x0000000000010202

Top of Stack: (sp=0x0000003c7fdfe8a0)
0x0000003c7fdfe8a0:   0000e8a4f31aa730 0000e8a4c171bbc4
0x0000003c7fdfe8b0:   0000e8a4f31aa730 00007ffcf1c17be5
0x0000003c7fdfe8c0:   0000003c7fdfe978 0000003c7fdfe8f8
0x0000003c7fdfe8d0:   0000003c00000000 0000003c7fdfe908
0x0000003c7fdfe8e0:   0000003c7fdf0001 0000025391ca81ac
0x0000003c7fdfe8f0:   0000003c7fdfe900 0000000000000341
0x0000003c7fdfe900:   0000e8a4c171bbc4 0000e8a4f31aa730
0x0000003c7fdfe910:   0000003c7fdff2c0 00007ffcf1c17777
0x0000003c7fdfe920:   0000003c7fdfe978 0000003c7fdfe970
0x0000003c7fdfe930:   0000023acb822c60 0000023ab1980000
0x0000003c7fdfe940:   0000000000000000 00007ffcf1c08bee
0x0000003c7fdfe950:   0000e8a4f31aa730 0000000000000341
0x0000003c7fdfe960:   0000003c7f5fc390 00007ffd37c569d8
0x0000003c7fdfe970:   000078e82c5528ab 0000000000000341
0x0000003c7fdfe980:   000000000070006f 00007ffcf1bfc6ec
0x0000003c7fdfe990:   655224657079546e 0000003c00000003 

Instructions: (pc=0x00007ffcf1bfc4be)
0x00007ffcf1bfc49e:   05 a5 7d 10 00 48 33 c4 48 89 84 24 d0 00 00 00
0x00007ffcf1bfc4ae:   c7 44 24 30 00 00 00 00 48 8b 84 24 f0 00 00 00
0x00007ffcf1bfc4be:   83 78 68 03 0f 84 02 01 00 00 48 8b 84 24 f0 00
0x00007ffcf1bfc4ce:   00 00 48 8b 48 28 ff 15 36 ab 11 00 89 44 24 38 


Register to memory mapping:

RAX=0x655224657079546e is an unknown value
RBX=0x0000000000000001 is an unknown value
RCX=0x655224657079546e is an unknown value
RDX=0x0000003c7fdfe8f8 is pointing into the stack for thread: 0x0000023acb34b000
RSP=0x0000003c7fdfe8a0 is pointing into the stack for thread: 0x0000023acb34b000
RBP=0x0000003c7fdff298 is pointing into the stack for thread: 0x0000023acb34b000
RSI=0x0000000000000000 is an unknown value
RDI=0x00000000ffffffff is an unallocated location in the heap
R8 =0x0000003c7fdfe900 is pointing into the stack for thread: 0x0000023acb34b000
R9 =0x000000007ffe4000 is an unknown value
R10=0x0000000000000001 is an unknown value
R11=0xfffffffff9f4b780 is an unknown value
R12=0x0000000000000000 is an unknown value
R13={method} {0x0000023ad1d18258} 'executeRunLoop0' '(Ljava/lang/Object;)V' in 'net/rubygrapefruit/platform/internal/jni/AbstractFileEventFunctions$NativeFileWatcher'
R14=0x0000003c7fdff2c0 is pointing into the stack for thread: 0x0000023acb34b000
R15=0x0000023acb34b000 is a thread


Stack: [0x0000003c7fd00000,0x0000003c7fe00000],  sp=0x0000003c7fdfe8a0,  free space=1018k
Native frames: (J=compiled Java code, j=interpreted, Vv=VM code, C=native code)
C  [native-platform-file-events.dll+0x1c4be]
C  [native-platform-file-events.dll+0x1c6ec]
C  [native-platform-file-events.dll+0x1c882]
C  [ntdll.dll+0xa0a9e]
C  [ntdll.dll+0x9d3f4]
C  [KERNELBASE.dll+0x4962e]
C  [native-platform-file-events.dll+0x1cfd9]
C  [native-platform-file-events.dll+0x35b6e]
C  [native-platform-file-events.dll+0x35670]
C  0x0000023ab3379c6e

Java frames: (J=compiled Java code, j=interpreted, Vv=VM code)
j  net.rubygrapefruit.platform.internal.jni.AbstractFileEventFunctions$NativeFileWatcher.executeRunLoop0(Ljava/lang/Object;)V+0
j  net.rubygrapefruit.platform.internal.jni.AbstractFileEventFunctions$NativeFileWatcher.access$100(Lnet/rubygrapefruit/platform/internal/jni/AbstractFileEventFunctions$NativeFileWatcher;Ljava/lang/Object;)V+2
j  net.rubygrapefruit.platform.internal.jni.AbstractFileEventFunctions$NativeFileWatcher$1.run()V+26
v  ~StubRoutines::call_stub

---------------  P R O C E S S  ---------------

Java Threads: ( => current thread )
  0x0000023ace205800 JavaThread "jar transforms Thread 4" [_thread_blocked, id=6548, stack(0x0000003c00800000,0x0000003c00900000)]
  0x0000023ace20a000 JavaThread "jar transforms Thread 3" [_thread_blocked, id=21352, stack(0x0000003c00700000,0x0000003c00800000)]
  0x0000023ace207800 JavaThread "Cache worker for dependencies-accessors (G:\MyCordova\mycordova\platforms\android\.gradle\7.1.1\dependencies-accessors)" [_thread_blocked, id=22160, stack(0x0000003c00600000,0x0000003c00700000)]
  0x0000023ace206000 JavaThread "Cache worker for file content cache (C:\Users\bd2443a\.gradle\caches\7.1.1\fileContent)" [_thread_blocked, id=19568, stack(0x0000003c00500000,0x0000003c00600000)]
  0x0000023ace202800 JavaThread "jar transforms Thread 2" [_thread_blocked, id=2004, stack(0x0000003c00400000,0x0000003c00500000)]
  0x0000023acb34d000 JavaThread "jar transforms" [_thread_blocked, id=9108, stack(0x0000003c00300000,0x0000003c00400000)]
  0x0000023acb34c800 JavaThread "Cache worker for execution history cache (C:\Users\bd2443a\.gradle\caches\7.1.1\executionHistory)" [_thread_blocked, id=8548, stack(0x0000003c00200000,0x0000003c00300000)]
  0x0000023acb34b800 JavaThread "Cache worker for cache directory md-rule (C:\Users\bd2443a\.gradle\caches\7.1.1\md-rule)" [_thread_blocked, id=23520, stack(0x0000003c00100000,0x0000003c00200000)]
  0x0000023acb351000 JavaThread "Cache worker for checksums cache (G:\MyCordova\mycordova\platforms\android\.gradle\checksums)" [_thread_blocked, id=988, stack(0x0000003c7ff00000,0x0000003c80000000)]
  0x0000023acb34e000 JavaThread "File watcher consumer" daemon [_thread_blocked, id=568, stack(0x0000003c7fe00000,0x0000003c7ff00000)]
=>0x0000023acb34b000 JavaThread "File watcher server" daemon [_thread_in_native, id=8872, stack(0x0000003c7fd00000,0x0000003c7fe00000)]
  0x0000023acb34f800 JavaThread "Cache worker for file hash cache (G:\MyCordova\mycordova\platforms\android\.gradle\7.1.1\fileHashes)" [_thread_blocked, id=12228, stack(0x0000003c7fc00000,0x0000003c7fd00000)]
  0x0000023acb350800 JavaThread "Cache worker for file hash cache (C:\Users\bd2443a\.gradle\caches\7.1.1\fileHashes)" [_thread_blocked, id=15364, stack(0x0000003c7fb00000,0x0000003c7fc00000)]
  0x0000023acb352000 JavaThread "File lock request listener" [_thread_in_native, id=20916, stack(0x0000003c7fa00000,0x0000003c7fb00000)]
  0x0000023acc4ea000 JavaThread "Cache worker for journal cache (C:\Users\bd2443a\.gradle\caches\journal-1)" [_thread_blocked, id=6980, stack(0x0000003c7f900000,0x0000003c7fa00000)]
  0x0000023acccfc000 JavaThread "Daemon client event forwarder" [_thread_blocked, id=18624, stack(0x0000003c7f800000,0x0000003c7f900000)]
  0x0000023acccf9800 JavaThread "Stdin handler" [_thread_blocked, id=12284, stack(0x0000003c7f700000,0x0000003c7f800000)]
  0x0000023accc91000 JavaThread "Asynchronous log dispatcher for DefaultDaemonConnection: socket connection from /127.0.0.1:53250 to /127.0.0.1:53251" [_thread_blocked, id=16108, stack(0x0000003c7f600000,0x0000003c7f700000)]
  0x0000023accc8b000 JavaThread "Daemon worker" [_thread_in_native, id=7496, stack(0x0000003c7f500000,0x0000003c7f600000)]
  0x0000023accc8a000 JavaThread "Cancel handler" [_thread_blocked, id=22568, stack(0x0000003c7f400000,0x0000003c7f500000)]
  0x0000023accc70000 JavaThread "Handler for socket connection from /127.0.0.1:53250 to /127.0.0.1:53251" [_thread_in_native, id=19820, stack(0x0000003c7f300000,0x0000003c7f400000)]
  0x0000023accc6b800 JavaThread "Daemon" [_thread_blocked, id=3496, stack(0x0000003c7f200000,0x0000003c7f300000)]
  0x0000023accc4c800 JavaThread "Daemon periodic checks" [_thread_blocked, id=9548, stack(0x0000003c7f100000,0x0000003c7f200000)]
  0x0000023accc4a000 JavaThread "Incoming local TCP Connector on port 53250" [_thread_in_native, id=17920, stack(0x0000003c7f000000,0x0000003c7f100000)]
  0x0000023accaa9800 JavaThread "Daemon health stats" [_thread_blocked, id=18156, stack(0x0000003c7ef00000,0x0000003c7f000000)]
  0x0000023acaabd800 JavaThread "Service Thread" daemon [_thread_blocked, id=9848, stack(0x0000003c7ed00000,0x0000003c7ee00000)]
  0x0000023acaa22800 JavaThread "C1 CompilerThread11" daemon [_thread_blocked, id=14616, stack(0x0000003c7ec00000,0x0000003c7ed00000)]
  0x0000023acaa1a000 JavaThread "C1 CompilerThread10" daemon [_thread_blocked, id=7956, stack(0x0000003c7eb00000,0x0000003c7ec00000)]
  0x0000023acaa00000 JavaThread "C1 CompilerThread9" daemon [_thread_blocked, id=11348, stack(0x0000003c7ea00000,0x0000003c7eb00000)]
  0x0000023aca9f7000 JavaThread "C1 CompilerThread8" daemon [_thread_blocked, id=14708, stack(0x0000003c7e900000,0x0000003c7ea00000)]
  0x0000023aca9ec000 JavaThread "C2 CompilerThread7" daemon [_thread_blocked, id=1132, stack(0x0000003c7e800000,0x0000003c7e900000)]
  0x0000023aca9e6000 JavaThread "C2 CompilerThread6" daemon [_thread_blocked, id=15440, stack(0x0000003c7e700000,0x0000003c7e800000)]
  0x0000023aca9e4800 JavaThread "C2 CompilerThread5" daemon [_thread_blocked, id=3056, stack(0x0000003c7e600000,0x0000003c7e700000)]
  0x0000023aca9e0800 JavaThread "C2 CompilerThread4" daemon [_thread_blocked, id=21464, stack(0x0000003c7e500000,0x0000003c7e600000)]
  0x0000023aca9dc800 JavaThread "C2 CompilerThread3" daemon [_thread_blocked, id=9248, stack(0x0000003c7e400000,0x0000003c7e500000)]
  0x0000023aca9d7800 JavaThread "C2 CompilerThread2" daemon [_thread_blocked, id=13164, stack(0x0000003c7e300000,0x0000003c7e400000)]
  0x0000023aca9d7000 JavaThread "C2 CompilerThread1" daemon [_thread_blocked, id=15568, stack(0x0000003c7e200000,0x0000003c7e300000)]
  0x0000023aca9d5800 JavaThread "C2 CompilerThread0" daemon [_thread_blocked, id=17252, stack(0x0000003c7e100000,0x0000003c7e200000)]
  0x0000023aca9d4000 JavaThread "Attach Listener" daemon [_thread_blocked, id=12600, stack(0x0000003c7e000000,0x0000003c7e100000)]
  0x0000023aca9d1000 JavaThread "Signal Dispatcher" daemon [_thread_blocked, id=10064, stack(0x0000003c7df00000,0x0000003c7e000000)]
  0x0000023ac7cca000 JavaThread "Finalizer" daemon [_thread_blocked, id=17436, stack(0x0000003c7de00000,0x0000003c7df00000)]
  0x0000023aca9c0800 JavaThread "Reference Handler" daemon [_thread_blocked, id=22928, stack(0x0000003c7dd00000,0x0000003c7de00000)]
  0x0000023ab19b5800 JavaThread "main" [_thread_blocked, id=21800, stack(0x0000003c7ce00000,0x0000003c7cf00000)]

Other Threads:
  0x0000023ac7cb2800 VMThread [stack: 0x0000003c7dc00000,0x0000003c7dd00000] [id=4804]
  0x0000023acaac0000 WatcherThread [stack: 0x0000003c7ee00000,0x0000003c7ef00000] [id=18804]

VM state:not at safepoint (normal execution)

VM Mutex/Monitor currently owned by a thread: None

heap address: 0x0000000080000000, size: 2048 MB, Compressed Oops mode: 32-bit
Narrow klass base: 0x0000000000000000, Narrow klass shift: 3
Compressed class space size: 1073741824 Address: 0x0000000100000000

Heap:
 PSYoungGen      total 243200K, used 156481K [0x00000000d5580000, 0x00000000e5980000, 0x0000000100000000)
  eden space 228352K, 68% used [0x00000000d5580000,0x00000000dee50500,0x00000000e3480000)
  from space 14848K, 0% used [0x00000000e4300000,0x00000000e4300000,0x00000000e5180000)
  to   space 14848K, 0% used [0x00000000e3480000,0x00000000e3480000,0x00000000e4300000)
 ParOldGen       total 124928K, used 13459K [0x0000000080000000, 0x0000000087a00000, 0x00000000d5580000)
  object space 124928K, 10% used [0x0000000080000000,0x0000000080d24c98,0x0000000087a00000)
 Metaspace       used 42128K, capacity 44300K, committed 44584K, reserved 1087488K
  class space    used 5903K, capacity 6340K, committed 6440K, reserved 1048576K

Card table byte_map: [0x0000023ac2720000,0x0000023ac2b30000] byte_map_base: 0x0000023ac2320000

Marking Bits: (ParMarkBitMap*) 0x0000000072441f50
 Begin Bits: [0x0000023ac2de0000, 0x0000023ac4de0000)
 End Bits:   [0x0000023ac4de0000, 0x0000023ac6de0000)

Polling page: 0x0000023ab1b40000

CodeCache: size=245760Kb used=16270Kb max_used=16270Kb free=229489Kb
 bounds [0x0000023ab3360000, 0x0000023ab4350000, 0x0000023ac2360000]
 total_blobs=4807 nmethods=4079 adapters=637
 compilation: enabled

Compilation events (10 events):
Event: 5.060 Thread 0x0000023aca9d7000 nmethod 4075 0x0000023ab434a110 code [0x0000023ab434a2a0, 0x0000023ab434a510]
Event: 5.060 Thread 0x0000023acaa1a000 4082       3       jdk.internal.org.objectweb.asm.ClassWriter::visitSource (36 bytes)
Event: 5.060 Thread 0x0000023aca9f7000 4083       3       java.lang.invoke.InvokerBytecodeGenerator::maybeDump (20 bytes)
Event: 5.060 Thread 0x0000023aca9f7000 nmethod 4083 0x0000023ab36135d0 code [0x0000023ab3613720, 0x0000023ab3613878]
Event: 5.060 Thread 0x0000023aca9e6000 nmethod 4074 0x0000023ab434a850 code [0x0000023ab434a9e0, 0x0000023ab434add0]
Event: 5.060 Thread 0x0000023acaa1a000 nmethod 4082 0x0000023ab4347490 code [0x0000023ab4347620, 0x0000023ab4347a80]
Event: 5.061 Thread 0x0000023acaa22800 4085       3       org.gradle.internal.file.DefaultFileHierarchySet$Node::isChildOfOrThis (110 bytes)
Event: 5.061 Thread 0x0000023acaa22800 nmethod 4085 0x0000023ab4348990 code [0x0000023ab4348ba0, 0x0000023ab4349950]
Event: 5.064 Thread 0x0000023acaa00000 4086       3       java.util.concurrent.locks.AbstractQueuedSynchronizer::setHead (16 bytes)
Event: 5.064 Thread 0x0000023acaa00000 nmethod 4086 0x0000023ab43485d0 code [0x0000023ab4348720, 0x0000023ab43488d8]

GC Heap History (10 events):
Event: 3.065 GC heap before
{Heap before GC invocations=4 (full 0):
 PSYoungGen      total 75776K, used 43530K [0x00000000d5580000, 0x00000000de980000, 0x0000000100000000)
  eden space 65024K, 50% used [0x00000000d5580000,0x00000000d7587fa8,0x00000000d9500000)
  from space 10752K, 99% used [0x00000000d9500000,0x00000000d9f7abb0,0x00000000d9f80000)
  to   space 10752K, 0% used [0x00000000ddf00000,0x00000000ddf00000,0x00000000de980000)
 ParOldGen       total 173568K, used 40K [0x0000000080000000, 0x000000008a980000, 0x00000000d5580000)
  object space 173568K, 0% used [0x0000000080000000,0x000000008000a000,0x000000008a980000)
 Metaspace       used 20488K, capacity 21248K, committed 21296K, reserved 1067008K
  class space    used 2946K, capacity 3176K, committed 3200K, reserved 1048576K
Event: 3.070 GC heap after
Heap after GC invocations=4 (full 0):
 PSYoungGen      total 140800K, used 9649K [0x00000000d5580000, 0x00000000de980000, 0x0000000100000000)
  eden space 130048K, 0% used [0x00000000d5580000,0x00000000d5580000,0x00000000dd480000)
  from space 10752K, 89% used [0x00000000ddf00000,0x00000000de86c400,0x00000000de980000)
  to   space 10752K, 0% used [0x00000000dd480000,0x00000000dd480000,0x00000000ddf00000)
 ParOldGen       total 173568K, used 48K [0x0000000080000000, 0x000000008a980000, 0x00000000d5580000)
  object space 173568K, 0% used [0x0000000080000000,0x000000008000c000,0x000000008a980000)
 Metaspace       used 20488K, capacity 21248K, committed 21296K, reserved 1067008K
  class space    used 2946K, capacity 3176K, committed 3200K, reserved 1048576K
}
Event: 3.070 GC heap before
{Heap before GC invocations=5 (full 1):
 PSYoungGen      total 140800K, used 9649K [0x00000000d5580000, 0x00000000de980000, 0x0000000100000000)
  eden space 130048K, 0% used [0x00000000d5580000,0x00000000d5580000,0x00000000dd480000)
  from space 10752K, 89% used [0x00000000ddf00000,0x00000000de86c400,0x00000000de980000)
  to   space 10752K, 0% used [0x00000000dd480000,0x00000000dd480000,0x00000000ddf00000)
 ParOldGen       total 173568K, used 48K [0x0000000080000000, 0x000000008a980000, 0x00000000d5580000)
  object space 173568K, 0% used [0x0000000080000000,0x000000008000c000,0x000000008a980000)
 Metaspace       used 20488K, capacity 21248K, committed 21296K, reserved 1067008K
  class space    used 2946K, capacity 3176K, committed 3200K, reserved 1048576K
Event: 3.086 GC heap after
Heap after GC invocations=5 (full 1):
 PSYoungGen      total 140800K, used 0K [0x00000000d5580000, 0x00000000de980000, 0x0000000100000000)
  eden space 130048K, 0% used [0x00000000d5580000,0x00000000d5580000,0x00000000dd480000)
  from space 10752K, 0% used [0x00000000ddf00000,0x00000000ddf00000,0x00000000de980000)
  to   space 10752K, 0% used [0x00000000dd480000,0x00000000dd480000,0x00000000ddf00000)
 ParOldGen       total 89600K, used 9306K [0x0000000080000000, 0x0000000085780000, 0x00000000d5580000)
  object space 89600K, 10% used [0x0000000080000000,0x0000000080916ab0,0x0000000085780000)
 Metaspace       used 20488K, capacity 21248K, committed 21296K, reserved 1067008K
  class space    used 2946K, capacity 3176K, committed 3200K, reserved 1048576K
}
Event: 3.934 GC heap before
{Heap before GC invocations=6 (full 1):
 PSYoungGen      total 140800K, used 130048K [0x00000000d5580000, 0x00000000de980000, 0x0000000100000000)
  eden space 130048K, 100% used [0x00000000d5580000,0x00000000dd480000,0x00000000dd480000)
  from space 10752K, 0% used [0x00000000ddf00000,0x00000000ddf00000,0x00000000de980000)
  to   space 10752K, 0% used [0x00000000dd480000,0x00000000dd480000,0x00000000ddf00000)
 ParOldGen       total 89600K, used 9306K [0x0000000080000000, 0x0000000085780000, 0x00000000d5580000)
  object space 89600K, 10% used [0x0000000080000000,0x0000000080916ab0,0x0000000085780000)
 Metaspace       used 32773K, capacity 34118K, committed 34432K, reserved 1079296K
  class space    used 4603K, capacity 4912K, committed 4992K, reserved 1048576K
Event: 3.942 GC heap after
Heap after GC invocations=6 (full 1):
 PSYoungGen      total 140800K, used 10720K [0x00000000d5580000, 0x00000000e5180000, 0x0000000100000000)
  eden space 130048K, 0% used [0x00000000d5580000,0x00000000d5580000,0x00000000dd480000)
  from space 10752K, 99% used [0x00000000dd480000,0x00000000ddef83f0,0x00000000ddf00000)
  to   space 14848K, 0% used [0x00000000e4300000,0x00000000e4300000,0x00000000e5180000)
 ParOldGen       total 89600K, used 12084K [0x0000000080000000, 0x0000000085780000, 0x00000000d5580000)
  object space 89600K, 13% used [0x0000000080000000,0x0000000080bcd340,0x0000000085780000)
 Metaspace       used 32773K, capacity 34118K, committed 34432K, reserved 1079296K
  class space    used 4603K, capacity 4912K, committed 4992K, reserved 1048576K
}
Event: 4.024 GC heap before
{Heap before GC invocations=7 (full 1):
 PSYoungGen      total 140800K, used 25339K [0x00000000d5580000, 0x00000000e5180000, 0x0000000100000000)
  eden space 130048K, 11% used [0x00000000d5580000,0x00000000d63c69a8,0x00000000dd480000)
  from space 10752K, 99% used [0x00000000dd480000,0x00000000ddef83f0,0x00000000ddf00000)
  to   space 14848K, 0% used [0x00000000e4300000,0x00000000e4300000,0x00000000e5180000)
 ParOldGen       total 89600K, used 12084K [0x0000000080000000, 0x0000000085780000, 0x00000000d5580000)
  object space 89600K, 13% used [0x0000000080000000,0x0000000080bcd340,0x0000000085780000)
 Metaspace       used 34136K, capacity 35416K, committed 35496K, reserved 1079296K
  class space    used 4692K, capacity 4993K, committed 5032K, reserved 1048576K
Event: 4.028 GC heap after
Heap after GC invocations=7 (full 1):
 PSYoungGen      total 243200K, used 6269K [0x00000000d5580000, 0x00000000e5980000, 0x0000000100000000)
  eden space 228352K, 0% used [0x00000000d5580000,0x00000000d5580000,0x00000000e3480000)
  from space 14848K, 42% used [0x00000000e4300000,0x00000000e491f5f8,0x00000000e5180000)
  to   space 14848K, 0% used [0x00000000e3480000,0x00000000e3480000,0x00000000e4300000)
 ParOldGen       total 89600K, used 12092K [0x0000000080000000, 0x0000000085780000, 0x00000000d5580000)
  object space 89600K, 13% used [0x0000000080000000,0x0000000080bcf340,0x0000000085780000)
 Metaspace       used 34136K, capacity 35416K, committed 35496K, reserved 1079296K
  class space    used 4692K, capacity 4993K, committed 5032K, reserved 1048576K
}
Event: 4.028 GC heap before
{Heap before GC invocations=8 (full 2):
 PSYoungGen      total 243200K, used 6269K [0x00000000d5580000, 0x00000000e5980000, 0x0000000100000000)
  eden space 228352K, 0% used [0x00000000d5580000,0x00000000d5580000,0x00000000e3480000)
  from space 14848K, 42% used [0x00000000e4300000,0x00000000e491f5f8,0x00000000e5180000)
  to   space 14848K, 0% used [0x00000000e3480000,0x00000000e3480000,0x00000000e4300000)
 ParOldGen       total 89600K, used 12092K [0x0000000080000000, 0x0000000085780000, 0x00000000d5580000)
  object space 89600K, 13% used [0x0000000080000000,0x0000000080bcf340,0x0000000085780000)
 Metaspace       used 34136K, capacity 35416K, committed 35496K, reserved 1079296K
  class space    used 4692K, capacity 4993K, committed 5032K, reserved 1048576K
Event: 4.048 GC heap after
Heap after GC invocations=8 (full 2):
 PSYoungGen      total 243200K, used 0K [0x00000000d5580000, 0x00000000e5980000, 0x0000000100000000)
  eden space 228352K, 0% used [0x00000000d5580000,0x00000000d5580000,0x00000000e3480000)
  from space 14848K, 0% used [0x00000000e4300000,0x00000000e4300000,0x00000000e5180000)
  to   space 14848K, 0% used [0x00000000e3480000,0x00000000e3480000,0x00000000e4300000)
 ParOldGen       total 124928K, used 13459K [0x0000000080000000, 0x0000000087a00000, 0x00000000d5580000)
  object space 124928K, 10% used [0x0000000080000000,0x0000000080d24c98,0x0000000087a00000)
 Metaspace       used 34136K, capacity 35416K, committed 35496K, reserved 1079296K
  class space    used 4692K, capacity 4993K, committed 5032K, reserved 1048576K
}

Deoptimization events (10 events):
Event: 4.516 Thread 0x0000023ace203000 Uncommon trap: reason=unstable_if action=reinterpret pc=0x0000023ab414e678 method=groovyjarjarantlr4.v4.runtime.atn.ATNConfig.checkNonGreedyDecision(Lgroovyjarjarantlr4/v4/runtime/atn/ATNConfig;Lgroovyjarjarantlr4/v4/runtime/atn/ATNState;)Z @ 4
Event: 4.516 Thread 0x0000023ace203000 Uncommon trap: reason=unstable_if action=reinterpret pc=0x0000023ab413758c method=groovyjarjarantlr4.v4.runtime.atn.ATNConfig.hashCode()I @ 67
Event: 4.516 Thread 0x0000023ace203000 Uncommon trap: reason=unstable_if action=reinterpret pc=0x0000023ab414f394 method=groovyjarjarantlr4.v4.runtime.CodePointCharStream$CodePoint8BitCharStream.LA(I)I @ 72
Event: 4.517 Thread 0x0000023ace203000 Uncommon trap: reason=unstable_if action=reinterpret pc=0x0000023ab3a987d8 method=java.lang.Character.isHighSurrogate(C)Z @ 3
Event: 4.522 Thread 0x0000023ace203000 Uncommon trap: reason=unstable_if action=reinterpret pc=0x0000023ab40817a4 method=java.lang.invoke.MethodType.checkPtypes([Ljava/lang/Class;)I @ 40
Event: 4.542 Thread 0x0000023ace203000 Uncommon trap: reason=unstable_if action=reinterpret pc=0x0000023ab3b44c68 method=java.util.regex.Pattern$BmpCharProperty.match(Ljava/util/regex/Matcher;ILjava/lang/CharSequence;)Z @ 34
Event: 4.823 Thread 0x0000023ace203000 Uncommon trap: reason=unstable_if action=reinterpret pc=0x0000023ab3fb2228 method=java.lang.ClassLoader.checkCerts(Ljava/lang/String;Ljava/security/CodeSource;)V @ 29
Event: 4.853 Thread 0x0000023ace203000 Uncommon trap: reason=unstable_if action=reinterpret pc=0x0000023ab370aa1c method=java.lang.String.replace(CC)Ljava/lang/String; @ 2
Event: 4.940 Thread 0x0000023acb34f800 Uncommon trap: reason=bimorphic action=maybe_recompile pc=0x0000023ab3ac61e4 method=java.io.DataOutputStream.writeShort(I)V @ 12
Event: 4.989 Thread 0x0000023ad25b5000 Uncommon trap: reason=bimorphic action=maybe_recompile pc=0x0000023ab3ac61e4 method=java.io.DataOutputStream.writeShort(I)V @ 12

Classes redefined (0 events):
No events

Internal exceptions (10 events):
Event: 4.815 Thread 0x0000023ace203000 Exception <a 'java/lang/ClassNotFoundException': java/io/PrintWriterBeanInfo> (0x00000000dd6cb5d8) thrown at [C:\cygwin64\tmp\openjdk-jdk8u-windows-x64-hotspot\workspace\build\src\hotspot\src\share\vm\classfile\systemDictionary.cpp, line 210]
Event: 4.815 Thread 0x0000023ace203000 Exception <a 'java/lang/ClassNotFoundException': java/io/WriterBeanInfo> (0x00000000dd6dff50) thrown at [C:\cygwin64\tmp\openjdk-jdk8u-windows-x64-hotspot\workspace\build\src\hotspot\src\share\vm\classfile\systemDictionary.cpp, line 210]
Event: 4.815 Thread 0x0000023ace203000 Exception <a 'java/lang/ClassNotFoundException': java/io/WriterCustomizer> (0x00000000dd6f5a58) thrown at [C:\cygwin64\tmp\openjdk-jdk8u-windows-x64-hotspot\workspace\build\src\hotspot\src\share\vm\classfile\systemDictionary.cpp, line 210]
Event: 4.815 Thread 0x0000023ace203000 Exception <a 'java/lang/ClassNotFoundException': java/io/PrintWriterCustomizer> (0x00000000dd7155c8) thrown at [C:\cygwin64\tmp\openjdk-jdk8u-windows-x64-hotspot\workspace\build\src\hotspot\src\share\vm\classfile\systemDictionary.cpp, line 210]
Event: 4.819 Thread 0x0000023ace203000 Exception <a 'java/lang/ClassNotFoundException': java/lang/StringBeanInfo> (0x00000000dd85ddb8) thrown at [C:\cygwin64\tmp\openjdk-jdk8u-windows-x64-hotspot\workspace\build\src\hotspot\src\share\vm\classfile\systemDictionary.cpp, line 210]
Event: 4.819 Thread 0x0000023ace203000 Exception <a 'java/lang/ClassNotFoundException': java/lang/StringCustomizer> (0x00000000dd873a38) thrown at [C:\cygwin64\tmp\openjdk-jdk8u-windows-x64-hotspot\workspace\build\src\hotspot\src\share\vm\classfile\systemDictionary.cpp, line 210]
Event: 4.823 Thread 0x0000023ace203000 Implicit null exception at 0x0000023ab3fb19a1 to 0x0000023ab3fb2219
Event: 4.860 Thread 0x0000023ace203000 Exception <a 'java/lang/IncompatibleClassChangeError': Found class java.lang.Object, but interface was expected> (0x00000000dda88c80) thrown at [C:\cygwin64\tmp\openjdk-jdk8u-windows-x64-hotspot\workspace\build\src\hotspot\src\share\vm\interpreter\linkRes
Event: 4.905 Thread 0x0000023ace203000 Exception <a 'java/lang/ClassNotFoundException': SimpleTemplateScript2BeanInfo> (0x00000000de4ceec0) thrown at [C:\cygwin64\tmp\openjdk-jdk8u-windows-x64-hotspot\workspace\build\src\hotspot\src\share\vm\classfile\systemDictionary.cpp, line 210]
Event: 4.905 Thread 0x0000023ace203000 Exception <a 'java/lang/ClassNotFoundException': SimpleTemplateScript2Customizer> (0x00000000de4fc5f0) thrown at [C:\cygwin64\tmp\openjdk-jdk8u-windows-x64-hotspot\workspace\build\src\hotspot\src\share\vm\classfile\systemDictionary.cpp, line 210]

Events (10 events):
Event: 5.077 loading class com/google/common/collect/EnumMultiset
Event: 5.077 loading class com/google/common/collect/EnumMultiset done
Event: 5.077 Executing VM operation: BulkRevokeBias
Event: 5.077 Executing VM operation: BulkRevokeBias done
Event: 5.077 loading class org/gradle/internal/watch/vfs/impl/DefaultFileSystemWatchingStatistics$VirtualFileSystemStatistics
Event: 5.077 loading class org/gradle/internal/watch/vfs/impl/DefaultFileSystemWatchingStatistics$VirtualFileSystemStatistics done
Event: 5.077 loading class org/gradle/internal/watch/vfs/impl/WatchingVirtualFileSystem$2$1
Event: 5.077 loading class org/gradle/internal/watch/vfs/impl/WatchingVirtualFileSystem$2$1 done
Event: 5.077 loading class org/gradle/internal/watch/vfs/BuildFinishedFileSystemWatchingBuildOperationType$Result
Event: 5.077 loading class org/gradle/internal/watch/vfs/BuildFinishedFileSystemWatchingBuildOperationType$Result done


Dynamic libraries:
0x00007ff7e8270000 - 0x00007ff7e82aa000 	C:\Institutions\Gre\Apps\openjdk8\bin\java.exe
0x00007ffd45910000 - 0x00007ffd45b05000 	C:\WINDOWS\SYSTEM32\ntdll.dll
0x00007ffd45730000 - 0x00007ffd457ee000 	C:\WINDOWS\System32\KERNEL32.DLL
0x00007ffd43080000 - 0x00007ffd43348000 	C:\WINDOWS\System32\KERNELBASE.dll
0x00007ffd44d30000 - 0x00007ffd44ddc000 	C:\WINDOWS\System32\ADVAPI32.dll
0x00007ffd43ad0000 - 0x00007ffd43b6e000 	C:\WINDOWS\System32\msvcrt.dll
0x00007ffd44bd0000 - 0x00007ffd44c6b000 	C:\WINDOWS\System32\sechost.dll
0x00007ffd43b70000 - 0x00007ffd43c9a000 	C:\WINDOWS\System32\RPCRT4.dll
0x00007ffd44de0000 - 0x00007ffd44f81000 	C:\WINDOWS\System32\USER32.dll
0x00007ffd43510000 - 0x00007ffd43532000 	C:\WINDOWS\System32\win32u.dll
0x00007ffd439d0000 - 0x00007ffd439fb000 	C:\WINDOWS\System32\GDI32.dll
0x00007ffd43700000 - 0x00007ffd4380b000 	C:\WINDOWS\System32\gdi32full.dll
0x00007ffd43810000 - 0x00007ffd438ad000 	C:\WINDOWS\System32\msvcp_win.dll
0x00007ffd43600000 - 0x00007ffd43700000 	C:\WINDOWS\System32\ucrtbase.dll
0x00007ffd2a020000 - 0x00007ffd2a2ba000 	C:\WINDOWS\WinSxS\amd64_microsoft.windows.common-controls_6595b64144ccf1df_6.0.19041.1110_none_60b5254171f9507e\COMCTL32.dll
0x00007ffd44530000 - 0x00007ffd44560000 	C:\WINDOWS\System32\IMM32.DLL
0x00007ffd37bf0000 - 0x00007ffd37cdf000 	C:\Institutions\Gre\Apps\openjdk8\jre\bin\msvcr120.dll
0x00007ffcf4030000 - 0x00007ffcf40d6000 	C:\Institutions\Gre\Apps\openjdk8\jre\bin\msvcp120.dll
0x0000000071cc0000 - 0x00000000724bb000 	C:\Institutions\Gre\Apps\openjdk8\jre\bin\server\jvm.dll
0x00007ffd43960000 - 0x00007ffd43968000 	C:\WINDOWS\System32\PSAPI.DLL
0x00007ffd2f730000 - 0x00007ffd2f739000 	C:\WINDOWS\SYSTEM32\WSOCK32.dll
0x00007ffd32360000 - 0x00007ffd3236a000 	C:\WINDOWS\SYSTEM32\VERSION.dll
0x00007ffd2e5d0000 - 0x00007ffd2e5f7000 	C:\WINDOWS\SYSTEM32\WINMM.dll
0x00007ffd44570000 - 0x00007ffd445db000 	C:\WINDOWS\System32\WS2_32.dll
0x00007ffd40380000 - 0x00007ffd4038f000 	C:\Institutions\Gre\Apps\openjdk8\jre\bin\verify.dll
0x00007ffd37bc0000 - 0x00007ffd37be8000 	C:\Institutions\Gre\Apps\openjdk8\jre\bin\java.dll
0x00007ffd40320000 - 0x00007ffd40336000 	C:\Institutions\Gre\Apps\openjdk8\jre\bin\zip.dll
0x00007ffd44ff0000 - 0x00007ffd4572f000 	C:\WINDOWS\System32\SHELL32.dll
0x00007ffd41000000 - 0x00007ffd41790000 	C:\WINDOWS\SYSTEM32\windows.storage.dll
0x00007ffd43dd0000 - 0x00007ffd44125000 	C:\WINDOWS\System32\combase.dll
0x00007ffd429a0000 - 0x00007ffd429ce000 	C:\WINDOWS\SYSTEM32\Wldp.dll
0x00007ffd44c80000 - 0x00007ffd44d2d000 	C:\WINDOWS\System32\SHCORE.dll
0x00007ffd44250000 - 0x00007ffd442a5000 	C:\WINDOWS\System32\shlwapi.dll
0x00007ffd42f70000 - 0x00007ffd42f8f000 	C:\WINDOWS\SYSTEM32\profapi.dll
0x00007ffd402c0000 - 0x00007ffd402da000 	C:\Institutions\Gre\Apps\openjdk8\jre\bin\net.dll
0x00007ffd3a530000 - 0x00007ffd3a71b000 	C:\WINDOWS\SYSTEM32\urlmon.dll
0x00007ffd3a500000 - 0x00007ffd3a528000 	C:\WINDOWS\SYSTEM32\srvcli.dll
0x00007ffd3c300000 - 0x00007ffd3c5b0000 	C:\WINDOWS\SYSTEM32\iertutil.dll
0x00007ffd42550000 - 0x00007ffd4255c000 	C:\WINDOWS\SYSTEM32\netutils.dll
0x00007ffd42780000 - 0x00007ffd427ea000 	C:\WINDOWS\system32\mswsock.dll
0x00007ffd38220000 - 0x00007ffd38232000 	C:\Institutions\Gre\Apps\openjdk8\jre\bin\nio.dll
0x00007ffd3d470000 - 0x00007ffd3d497000 	C:\Users\bd2443a\.gradle\native\8bec1ad78214c89d9ad589b4d07fe93259594b29d510b10fafb7a158f7737e5d\windows-amd64\native-platform.dll
0x00007ffcf1be0000 - 0x00007ffcf1d1d000 	C:\Users\bd2443a\.gradle\native\53dbd7edfb1c66fb8903c78663c9afc45aea4f116125fa6feffd364cf09443e8\windows-amd64\native-platform-file-events.dll
0x00007ffd37ba0000 - 0x00007ffd37bad000 	C:\Institutions\Gre\Apps\openjdk8\jre\bin\management.dll
0x00007ffd429e0000 - 0x00007ffd429f8000 	C:\WINDOWS\SYSTEM32\CRYPTSP.dll
0x00007ffd41fa0000 - 0x00007ffd41fd4000 	C:\WINDOWS\system32\rsaenh.dll
0x00007ffd435d0000 - 0x00007ffd435f7000 	C:\WINDOWS\System32\bcrypt.dll
0x00007ffd42f30000 - 0x00007ffd42f5e000 	C:\WINDOWS\SYSTEM32\USERENV.dll
0x00007ffd43540000 - 0x00007ffd435c3000 	C:\WINDOWS\System32\bcryptprimitives.dll
0x00007ffd42910000 - 0x00007ffd4291c000 	C:\WINDOWS\SYSTEM32\CRYPTBASE.dll
0x00007ffd42440000 - 0x00007ffd4247b000 	C:\WINDOWS\SYSTEM32\IPHLPAPI.DLL
0x00007ffd44560000 - 0x00007ffd44568000 	C:\WINDOWS\System32\NSI.dll
0x00007ffd3db40000 - 0x00007ffd3db57000 	C:\WINDOWS\SYSTEM32\dhcpcsvc6.DLL
0x00007ffd3db20000 - 0x00007ffd3db3d000 	C:\WINDOWS\SYSTEM32\dhcpcsvc.DLL
0x00007ffd42480000 - 0x00007ffd4254b000 	C:\WINDOWS\SYSTEM32\DNSAPI.dll
0x00007ffd2bd70000 - 0x00007ffd2bf54000 	C:\WINDOWS\SYSTEM32\dbghelp.dll

VM Arguments:
jvm_args: -Xmx2048m -Dfile.encoding=windows-1252 -Duser.country=GB -Duser.language=en -Duser.variant 
java_command: org.gradle.launcher.daemon.bootstrap.GradleDaemon 7.1.1
java_class_path (initial): C:\Institutions\Gre\Apps\Android\gradle-7.1.1\lib\gradle-launcher-7.1.1.jar
Launcher Type: SUN_STANDARD

Environment Variables:
JAVA_HOME=C:\Institutions\Gre\Apps\openjdk8
CLASSPATH=C:\Institutions\Gre\Apps\Android\gradle-7.1.1\lib\gradle-launcher-7.1.1.jar
PATH=G:\Nodejs\npm;C:\Institutions\Gre\Apps\Android\gradle-7.1.1\bin;C:\Institutions\Gre\Apps\Android\SDK\tools;C:\Institutions\Gre\Apps\Android\SDK\tools\bin;C:\Users\bd2443a\AppData\Roaming\npm;C:\Program Files\nodejs\;C:\institutions\gre\apps\Oracle19_11\Client32\;C:\Institutions\Gre\Apps\Anaconda3-2021.05;C:\Institutions\Gre\Apps\Anaconda3-2021.05\Library\mingw-w64\bin;C:\Institutions\Gre\Apps\Anaconda3-2021.05\Library\usr\bin;C:\Institutions\Gre\Apps\Anaconda3-2021.05\Library\bin;C:\Institutions\Gre\Apps\Anaconda3-2021.05\Scripts;C:\WINDOWS\system32;C:\WINDOWS;C:\WINDOWS\System32\Wbem;C:\WINDOWS\System32\WindowsPowerShell\v1.0\;C:\WINDOWS\System32\OpenSSH\;C:\Program Files\Microsoft VS Code\bin;C:\Institutions\Gre\Apps\Putty\;C:\Program Files (x86)\Microsoft Emulator Manager\1.0\;C:\Program Files\nodejs\;C:\Program Files (x86)\Microsoft SQL Server\150\DTS\Binn\;C:\Program Files\Azure Data Studio\bin;C:\Program Files\Microsoft SQL Server\130\Tools\Binn\;C:\Program Files\Microsoft SQL Server\Client SDK\ODBC\170\Tools\Binn\;C:\Program Files\dotnet\;C:\Users\bd2443a\AppData\Local\Microsoft\WindowsApps;;"C:\Institutions\Gre\Apps\openjdk8"\bin;C:\Institutions\Gre\Apps\Android\SDK\platform-tools
USERNAME=bd2443a
OS=Windows_NT
PROCESSOR_IDENTIFIER=Intel64 Family 6 Model 165 Stepping 5, GenuineIntel



---------------  S Y S T E M  ---------------

OS: Windows 10.0 , 64 bit Build 19041 (10.0.19041.1348)

CPU:total 16 (initial active 16) (8 cores per cpu, 2 threads per core) family 6 model 165 stepping 5, cmov, cx8, fxsr, mmx, sse, sse2, sse3, ssse3, sse4.1, sse4.2, popcnt, avx, avx2, aes, clmul, erms, 3dnowpref, lzcnt, ht, tsc, tscinvbit, bmi1, bmi2, adx

Memory: 4k page, physical 16621336k(6525268k free), swap 20898592k(7951496k free)

vm_info: OpenJDK 64-Bit Server VM (25.212-b04) for windows-amd64 JRE (1.8.0_212-b04), built on Jun  3 2019 21:11:11 by "jenkins" with MS VC++ 12.0 (VS2013)

time: Tue Dec 07 12:16:33 2021
timezone: GMT Standard Time
elapsed time: 5 seconds (0d 0h 0m 5s)

